<?xml version="1.0" encoding="UTF-8"?>
<testng-results skipped="0" failed="0" ignored="0" total="1" passed="1">
  <reporter-output>
  </reporter-output>
  <suite name="Suite1" duration-ms="967" started-at="2019-02-28T12:53:27Z" finished-at="2019-02-28T12:53:28Z">
    <groups>
    </groups>
    <test name="Regression1" duration-ms="967" started-at="2019-02-28T12:53:27Z" finished-at="2019-02-28T12:53:28Z">
      <class name="APITests.testGetCalls">
        <test-method status="PASS" signature="testGetOrder()[pri:0, instance:APITests.testGetCalls@2c8d66b2]" name="testGetOrder" duration-ms="948" started-at="2019-02-28T12:53:27Z" finished-at="2019-02-28T12:53:28Z">
          <reporter-output>
          </reporter-output>
        </test-method> <!-- testGetOrder -->
      </class> <!-- APITests.testGetCalls -->
    </test> <!-- Regression1 -->
  </suite> <!-- Suite1 -->
</testng-results>
